<?xml version="1.0" encoding="UTF-8" ?>
<testsuite failures="0" time="0.14" errors="0" skipped="0" tests="1" name="com.alwex.jboy.hardware.CPUTest">
  <properties>
    <property name="java.vendor" value="Sun Microsystems Inc."/>
    <property name="localRepository" value="C:\Users\Alex\.m2\repository"/>
    <property name="sun.java.launcher" value="SUN_STANDARD"/>
    <property name="sun.management.compiler" value="HotSpot 64-Bit Server Compiler"/>
    <property name="env.PROMPT" value="$P$G"/>
    <property name="env.MERCURIAL" value="C:\Program Files (x86)\Mercurial"/>
    <property name="os.name" value="Windows 7"/>
    <property name="env.FP_NO_HOST_CHECK" value="NO"/>
    <property name="sun.boot.class.path" value="C:\Program Files\Java\jdk1.6.0_21\jre\lib\resources.jar;C:\Program Files\Java\jdk1.6.0_21\jre\lib\rt.jar;C:\Program Files\Java\jdk1.6.0_21\jre\lib\sunrsasign.jar;C:\Program Files\Java\jdk1.6.0_21\jre\lib\jsse.jar;C:\Program Files\Java\jdk1.6.0_21\jre\lib\jce.jar;C:\Program Files\Java\jdk1.6.0_21\jre\lib\charsets.jar;C:\Program Files\Java\jdk1.6.0_21\jre\classes"/>
    <property name="env.COMPUTERNAME" value="ALEX-PC"/>
    <property name="env.CommonProgramW6432" value="C:\Program Files\Common Files"/>
    <property name="env.ALLUSERSPROFILE" value="C:\ProgramData"/>
    <property name="sun.desktop" value="windows"/>
    <property name="java.vm.specification.vendor" value="Sun Microsystems Inc."/>
    <property name="java.runtime.version" value="1.6.0_21-b07"/>
    <property name="env.HOMEPATH" value="\Users\Alex"/>
    <property name="user.name" value="Alex"/>
    <property name="nb.show.statistics.ui" value="usageStatisticsEnabled"/>
    <property name="user.language" value="fr"/>
    <property name="sun.boot.library.path" value="C:\Program Files\Java\jdk1.6.0_21\jre\bin"/>
    <property name="java.version" value="1.6.0_21"/>
    <property name="env.PROCESSOR_IDENTIFIER" value="Intel64 Family 6 Model 15 Stepping 11, GenuineIntel"/>
    <property name="user.timezone" value="Europe/Paris"/>
    <property name="env.TEMP" value="C:\Users\Alex\AppData\Local\Temp"/>
    <property name="sun.arch.data.model" value="64"/>
    <property name="http.nonProxyHosts" value="localhost|127.0.0.1|Alex-PC"/>
    <property name="java.endorsed.dirs" value="C:\Program Files\Java\jdk1.6.0_21\jre\lib\endorsed"/>
    <property name="sun.cpu.isalist" value="amd64"/>
    <property name="env.HOMEDRIVE" value="C:"/>
    <property name="sun.jnu.encoding" value="Cp1252"/>
    <property name="file.encoding.pkg" value="sun.io"/>
    <property name="file.separator" value="\"/>
    <property name="java.specification.name" value="Java Platform API Specification"/>
    <property name="java.class.version" value="50.0"/>
    <property name="user.country" value="FR"/>
    <property name="jna.boot.library.path" value="C:\Users\Alex\.netbeans\6.9\var\cache\jna"/>
    <property name="java.home" value="C:\Program Files\Java\jdk1.6.0_21\jre"/>
    <property name="env.PSModulePath" value="C:\Windows\system32\WindowsPowerShell\v1.0\Modules\"/>
    <property name="env.APPDATA" value="C:\Users\Alex\AppData\Roaming"/>
    <property name="env.PUBLIC" value="C:\Users\Public"/>
    <property name="java.vm.info" value="mixed mode"/>
    <property name="env.ComSpec" value="C:\Windows\system32\cmd.exe"/>
    <property name="env.OS" value="Windows_NT"/>
    <property name="env.CommonProgramFiles" value="C:\Program Files\Common Files"/>
    <property name="os.version" value="6.1"/>
    <property name="netbeans.system_http_proxy" value="DIRECT"/>
    <property name="env.ProgramW6432" value="C:\Program Files"/>
    <property name="https.nonProxyHosts" value="localhost|127.0.0.1|Alex-PC"/>
    <property name="sun.awt.keepWorkingSetOnMinimize" value="true"/>
    <property name="path.separator" value=";"/>
    <property name="java.vm.version" value="17.0-b17"/>
    <property name="env.USERPROFILE" value="C:\Users\Alex"/>
    <property name="user.variant" value=""/>
    <property name="java.awt.printerjob" value="sun.awt.windows.WPrinterJob"/>
    <property name="env.TMP" value="C:\Users\Alex\AppData\Local\Temp"/>
    <property name="sun.io.unicode.encoding" value="UnicodeLittle"/>
    <property name="awt.toolkit" value="sun.awt.windows.WToolkit"/>
    <property name="useJavaUtilZip" value="true"/>
    <property name="user.home" value="C:\Users\Alex"/>
    <property name="env.ProgramData" value="C:\ProgramData"/>
    <property name="env.SESSIONNAME" value="Console"/>
    <property name="env.ProgramFiles(x86)" value="C:\Program Files (x86)"/>
    <property name="java.specification.vendor" value="Sun Microsystems Inc."/>
    <property name="env.CLASSPATH" value="C:\Program Files (x86)\Java\jre6\bin"/>
    <property name="apple.laf.useScreenMenuBar" value="true"/>
    <property name="org.xml.sax.driver" value="com.sun.org.apache.xerces.internal.jaxp.SAXParserImpl$JAXPSAXParser"/>
    <property name="env.NUMBER_OF_PROCESSORS" value="2"/>
    <property name="java.library.path" value="C:\Program Files\Java\jdk1.6.0_21\jre\bin;.;C:\Windows\Sun\Java\bin;C:\Windows\system32;C:\Windows;C:\Program Files (x86)\NVIDIA Corporation\PhysX\Common;C:\Program Files\Common Files\Microsoft Shared\Windows Live;C:\Program Files (x86)\Common Files\Microsoft Shared\Windows Live;C:\Program Files (x86)\Mercurial\;C:\Program Files (x86)\Windows Live\Shared;C:\Program Files\Java\jdk1.6.0_21\bin;C:\Program Files\MySQL\MySQL Server 5.5\bin;C:\Program Files (x86)\PostgreSQL Frontend\bin;C:\Program Files (x86)\Java\jre6\bin;C:\ProgramData\systemTools"/>
    <property name="java.vendor.url" value="http://java.sun.com/"/>
    <property name="java.vm.vendor" value="Sun Microsystems Inc."/>
    <property name="java.runtime.name" value="Java(TM) SE Runtime Environment"/>
    <property name="java.class.path" value="C:\Program Files\NetBeans 6.9.1\platform\lib\boot.jar;C:\Program Files\NetBeans 6.9.1\platform\lib\org-openide-modules.jar;C:\Program Files\NetBeans 6.9.1\platform\lib\org-openide-util-lookup.jar;C:\Program Files\NetBeans 6.9.1\platform\lib\org-openide-util.jar;C:\Program Files\NetBeans 6.9.1\platform\lib\locale\boot_ja.jar;C:\Program Files\NetBeans 6.9.1\platform\lib\locale\boot_pt_BR.jar;C:\Program Files\NetBeans 6.9.1\platform\lib\locale\boot_zh_CN.jar;C:\Program Files\NetBeans 6.9.1\platform\lib\locale\org-openide-modules_ja.jar;C:\Program Files\NetBeans 6.9.1\platform\lib\locale\org-openide-modules_pt_BR.jar;C:\Program Files\NetBeans 6.9.1\platform\lib\locale\org-openide-modules_zh_CN.jar;C:\Program Files\NetBeans 6.9.1\platform\lib\locale\org-openide-util-lookup_ja.jar;C:\Program Files\NetBeans 6.9.1\platform\lib\locale\org-openide-util-lookup_pt_BR.jar;C:\Program Files\NetBeans 6.9.1\platform\lib\locale\org-openide-util-lookup_zh_CN.jar;C:\Program Files\NetBeans 6.9.1\platform\lib\locale\org-openide-util_ja.jar;C:\Program Files\NetBeans 6.9.1\platform\lib\locale\org-openide-util_pt_BR.jar;C:\Program Files\NetBeans 6.9.1\platform\lib\locale\org-openide-util_zh_CN.jar;C:\Program Files\Java\jdk1.6.0_21\lib\dt.jar;C:\Program Files\Java\jdk1.6.0_21\lib\tools.jar"/>
    <property name="sun.java2d.noddraw" value="true"/>
    <property name="java.vm.specification.name" value="Java Virtual Machine Specification"/>
    <property name="jdk.home" value="C:\Program Files\Java\jdk1.6.0_21"/>
    <property name="env.windir" value="C:\Windows"/>
    <property name="env.LOGONSERVER" value="\\ALEX-PC"/>
    <property name="org.openide.specification.version" value="6.2"/>
    <property name="java.vm.specification.version" value="1.0"/>
    <property name="env.JAVAPATH" value="C:\Program Files\Java\jdk1.6.0_21\bin"/>
    <property name="env.PROCESSOR_ARCHITECTURE" value="AMD64"/>
    <property name="sun.os.patch.level" value="Service Pack 1"/>
    <property name="sun.cpu.endian" value="little"/>
    <property name="env.ProgramFiles" value="C:\Program Files"/>
    <property name="surefire.test.class.path" value="G:\workspace\JBoy\target\test-classes;G:\workspace\JBoy\target\classes;C:\Users\Alex\.m2\repository\log4j\log4j\1.2.9\log4j-1.2.9.jar;C:\Users\Alex\.m2\repository\junit\junit\4.4\junit-4.4.jar;C:\Users\Alex\.m2\repository\net\java\dev\appframework\appframework\1.03\appframework-1.03.jar;C:\Users\Alex\.m2\repository\org\swinglabs\swing-worker\1.1\swing-worker-1.1.jar;C:\Users\Alex\.m2\repository\org\swinglabs\swing-layout\1.0.3\swing-layout-1.0.3.jar;"/>
    <property name="java.io.tmpdir" value="C:\Users\Alex\AppData\Local\Temp\"/>
    <property name="env.PROCESSOR_REVISION" value="0f0b"/>
    <property name="env.CommonProgramFiles(x86)" value="C:\Program Files (x86)\Common Files"/>
    <property name="env.VBOX_INSTALL_PATH" value="C:\Program Files\Oracle\VirtualBox\"/>
    <property name="java.vendor.url.bug" value="http://java.sun.com/cgi-bin/bugreport.cgi"/>
    <property name="env.SystemRoot" value="C:\Windows"/>
    <property name="java.awt.graphicsenv" value="sun.awt.Win32GraphicsEnvironment"/>
    <property name="os.arch" value="amd64"/>
    <property name="java.ext.dirs" value="C:\Program Files\Java\jdk1.6.0_21\jre\lib\ext;C:\Windows\Sun\Java\lib\ext"/>
    <property name="user.dir" value="G:\workspace\JBoy"/>
    <property name="env.LOCALAPPDATA" value="C:\Users\Alex\AppData\Local"/>
    <property name="line.separator" value="
"/>
    <property name="apple.awt.graphics.UseQuartz" value="true"/>
    <property name="java.vm.name" value="Java HotSpot(TM) 64-Bit Server VM"/>
    <property name="env.PATHEXT" value=".COM;.EXE;.BAT;.CMD;.VBS;.VBE;.JS;.JSE;.WSF;.WSH;.MSC"/>
    <property name="env.Path" value="C:\Program Files (x86)\NVIDIA Corporation\PhysX\Common;C:\Program Files\Common Files\Microsoft Shared\Windows Live;C:\Program Files (x86)\Common Files\Microsoft Shared\Windows Live;C:\Program Files (x86)\Mercurial\;C:\Program Files (x86)\Windows Live\Shared;C:\Program Files\Java\jdk1.6.0_21\bin;C:\Program Files\MySQL\MySQL Server 5.5\bin;C:\Program Files (x86)\PostgreSQL Frontend\bin;C:\Program Files (x86)\Java\jre6\bin;C:\ProgramData\systemTools"/>
    <property name="basedir" value="G:\workspace\JBoy"/>
    <property name="maven.mode.standalone" value="true"/>
    <property name="env.USERNAME" value="Alex"/>
    <property name="env.SystemDrive" value="C:"/>
    <property name="file.encoding" value="Cp1252"/>
    <property name="netbeans.execution" value="true"/>
    <property name="env.USERDOMAIN" value="Alex-PC"/>
    <property name="java.specification.version" value="1.6"/>
    <property name="env.PROCESSOR_LEVEL" value="6"/>
  </properties>
  <testcase time="0.01" classname="com.alwex.jboy.hardware.CPUTest" name="testProcessLD_nn_n"/>
</testsuite>